<?xml version="1.0" encoding="UTF-8"?>
<!-- Generated by org.testng.reporters.JUnitXMLReporter -->
<testsuite hostname="QAP-PC" name="myTest" tests="6" failures="0" timestamp="18 Dec 2018 14:06:35 GMT" time="0.032" errors="0">
  <testcase name="addEmp" time="0.008" classname="myPack.Karthik"/>
  <testcase name="addLocation" time="0.001" classname="myPack.Karthik"/>
  <testcase name="deleteEmp" time="0.001" classname="myPack.Karthik"/>
  <testcase name="editEmp" time="0.001" classname="myPack.Karthik"/>
  <testcase name="editLocation" time="0.001" classname="myPack.Karthik"/>
  <testcase name="verifyLogin" time="0.002" classname="myPack.Karthik"/>
</testsuite> <!-- myTest -->
